2025-11-19 20:20:54,298 - DEBUG - Начало инициализации базы данных
2025-11-19 20:20:54,304 - DEBUG - Таблица groups создана
2025-11-19 20:20:54,306 - DEBUG - Таблица subjects создана
2025-11-19 20:20:54,308 - DEBUG - Таблица teachers создана
2025-11-19 20:20:54,310 - DEBUG - Таблица schedule создана
2025-11-19 20:20:54,310 - INFO - База данных инициализирована успешно
2025-11-19 20:20:54,312 - DEBUG - Запуск Flask приложения
2025-11-19 20:20:54,333 - INFO - [31m[1mWARNING: This is a development server. Do not use it in a production deployment. Use a production WSGI server instead.[0m
 * Running on http://127.0.0.1:6060
2025-11-19 20:20:54,333 - INFO - [33mPress CTRL+C to quit[0m
2025-11-19 20:20:54,334 - INFO -  * Restarting with stat
2025-11-19 20:20:54,518 - DEBUG - Начало инициализации базы данных
2025-11-19 20:20:54,518 - DEBUG - Таблица groups создана
2025-11-19 20:20:54,519 - DEBUG - Таблица subjects создана
2025-11-19 20:20:54,519 - DEBUG - Таблица teachers создана
2025-11-19 20:20:54,519 - DEBUG - Таблица schedule создана
2025-11-19 20:20:54,519 - INFO - База данных инициализирована успешно
2025-11-19 20:20:54,521 - DEBUG - Запуск Flask приложения
2025-11-19 20:20:54,532 - WARNING -  * Debugger is active!
2025-11-19 20:20:54,534 - INFO -  * Debugger PIN: 353-635-465
